0 info it worked if it ends with ok
1 verbose cli [ '/usr/local/bin/node', '/usr/local/bin/npm', 'start' ]
2 info using npm@3.10.3
3 info using node@v6.5.0
4 verbose run-script [ 'prestart', 'start', 'poststart' ]
5 info lifecycle mumfrog@1.0.0~prestart: mumfrog@1.0.0
6 silly lifecycle mumfrog@1.0.0~prestart: no script for prestart, continuing
7 info lifecycle mumfrog@1.0.0~start: mumfrog@1.0.0
8 verbose lifecycle mumfrog@1.0.0~start: unsafe-perm in lifecycle true
9 verbose lifecycle mumfrog@1.0.0~start: PATH: /usr/local/lib/node_modules/npm/bin/node-gyp-bin:/Users/hollijr/Documents/Angular/mumfrog/node_modules/.bin:/usr/local/bin:/Library/Frameworks/Python.framework/Versions/2.7/bin:/usr/local/heroku/bin:/Users/hollijr/npm-global/bin:~/npm-global/bin:/Users/hollijr/.rvm/gems/ruby-2.2.3/bin:/Users/hollijr/.rvm/gems/ruby-2.2.3@global/bin:/Users/hollijr/.rvm/rubies/ruby-2.2.3/bin:/usr/local/bin:/usr/bin:/bin:/usr/sbin:/sbin:/usr/local/git/bin:/Users/hollijr/android-sdk-mac_x86/tools:/Users/hollijr/.rvm/bin:/Users/hollijr/apache-maven-3.3.9/bin
10 verbose lifecycle mumfrog@1.0.0~start: CWD: /Users/hollijr/Documents/Angular/mumfrog
11 silly lifecycle mumfrog@1.0.0~start: Args: [ '-c', 'tsc && concurrently "npm run tsc:w" "npm run lite" ' ]
12 silly lifecycle mumfrog@1.0.0~start: Returned: code: 2  signal: null
13 info lifecycle mumfrog@1.0.0~start: Failed to exec start script
14 verbose stack Error: mumfrog@1.0.0 start: `tsc && concurrently "npm run tsc:w" "npm run lite" `
14 verbose stack Exit status 2
14 verbose stack     at EventEmitter.<anonymous> (/usr/local/lib/node_modules/npm/lib/utils/lifecycle.js:242:16)
14 verbose stack     at emitTwo (events.js:106:13)
14 verbose stack     at EventEmitter.emit (events.js:191:7)
14 verbose stack     at ChildProcess.<anonymous> (/usr/local/lib/node_modules/npm/lib/utils/spawn.js:40:14)
14 verbose stack     at emitTwo (events.js:106:13)
14 verbose stack     at ChildProcess.emit (events.js:191:7)
14 verbose stack     at maybeClose (internal/child_process.js:877:16)
14 verbose stack     at Process.ChildProcess._handle.onexit (internal/child_process.js:226:5)
15 verbose pkgid mumfrog@1.0.0
16 verbose cwd /Users/hollijr/Documents/Angular/mumfrog
17 error Darwin 15.4.0
18 error argv "/usr/local/bin/node" "/usr/local/bin/npm" "start"
19 error node v6.5.0
20 error npm  v3.10.3
21 error code ELIFECYCLE
22 error mumfrog@1.0.0 start: `tsc && concurrently "npm run tsc:w" "npm run lite" `
22 error Exit status 2
23 error Failed at the mumfrog@1.0.0 start script 'tsc && concurrently "npm run tsc:w" "npm run lite" '.
23 error Make sure you have the latest version of node.js and npm installed.
23 error If you do, this is most likely a problem with the mumfrog package,
23 error not with npm itself.
23 error Tell the author that this fails on your system:
23 error     tsc && concurrently "npm run tsc:w" "npm run lite"
23 error You can get information on how to open an issue for this project with:
23 error     npm bugs mumfrog
23 error Or if that isn't available, you can get their info via:
23 error     npm owner ls mumfrog
23 error There is likely additional logging output above.
24 verbose exit [ 1, true ]
